2026-07-22 00:53:31 INFO  c.k.s.StudentManagementApplication - Starting StudentManagementApplication using Java 21.0.2 with PID 20248 (C:\Users\amitb\OneDrive\Desktop\SPRING BOOT\JavaBackend\Projects\student-management\target\classes started by amitb in C:\Users\amitb\OneDrive\Desktop\SPRING BOOT\JavaBackend\Projects\student-management)
2026-07-22 00:53:31 INFO  c.k.s.StudentManagementApplication - No active profile set, falling back to 1 default profile: "default"
2026-07-22 00:53:33 INFO  o.s.d.r.c.RepositoryConfigurationDelegate - Bootstrapping Spring Data JPA repositories in DEFAULT mode.
2026-07-22 00:53:33 INFO  o.s.d.r.c.RepositoryConfigurationDelegate - Finished Spring Data repository scanning in 64 ms. Found 1 JPA repository interface.
2026-07-22 00:53:34 INFO  o.s.boot.tomcat.TomcatWebServer - Tomcat initialized with port 8080 (http)
2026-07-22 00:53:34 INFO  o.a.catalina.core.StandardService - Starting service [Tomcat]
2026-07-22 00:53:34 INFO  o.a.catalina.core.StandardEngine - Starting Servlet engine: [Apache Tomcat/11.0.22]
2026-07-22 00:53:34 INFO  o.s.b.w.c.s.WebApplicationContextInitializer - Root WebApplicationContext: initialization completed in 2665 ms
2026-07-22 00:53:35 INFO  org.hibernate.orm.jpa - HHH008540: Processing PersistenceUnitInfo [name: default]
2026-07-22 00:53:35 INFO  org.hibernate.orm.core - HHH000001: Hibernate ORM core version 7.4.1.Final
2026-07-22 00:53:36 INFO  o.s.o.j.p.SpringPersistenceUnitInfo - No LoadTimeWeaver setup: ignoring JPA class transformer
2026-07-22 00:53:36 INFO  com.zaxxer.hikari.HikariDataSource - HikariPool-1 - Starting...
2026-07-22 00:53:37 INFO  com.zaxxer.hikari.pool.HikariPool - HikariPool-1 - Added connection com.mysql.cj.jdbc.ConnectionImpl@3c910acd
2026-07-22 00:53:37 INFO  com.zaxxer.hikari.HikariDataSource - HikariPool-1 - Start completed.
2026-07-22 00:53:37 INFO  o.hibernate.orm.connections.pooling - HHH10001005: Database info:
	Database JDBC URL [jdbc:mysql://localhost:3306/student_db]
	Database driver: MySQL Connector/J
	Database dialect: MySQLDialect
	Database version: 9.7.1
	Default catalog/schema: student_db/undefined
	Autocommit mode: undefined/unknown
	Isolation level: REPEATABLE_READ [default REPEATABLE_READ]
	JDBC fetch size: none
	Pool: DataSourceConnectionProvider
	Minimum pool size: undefined/unknown
	Maximum pool size: undefined/unknown
2026-07-22 00:53:38 INFO  org.hibernate.orm.core - HHH000489: No JTA platform available (set 'hibernate.transaction.jta.platform' to enable JTA platform integration)
2026-07-22 00:53:38 INFO  o.s.o.j.LocalContainerEntityManagerFactoryBean - Initialized JPA EntityManagerFactory for persistence unit 'default'
2026-07-22 00:53:38 INFO  o.s.d.j.r.q.QueryEnhancerFactories - Hibernate is in classpath; If applicable, HQL parser will be used.
2026-07-22 00:53:38 WARN  o.s.b.j.a.JpaBaseConfiguration$JpaWebConfiguration - spring.jpa.open-in-view is enabled by default. Therefore, database queries may be performed during view rendering. Explicitly configure spring.jpa.open-in-view to disable this warning
2026-07-22 00:53:39 INFO  o.s.boot.tomcat.TomcatWebServer - Tomcat started on port 8080 (http) with context path '/'
2026-07-22 00:53:39 INFO  c.k.s.StudentManagementApplication - Started StudentManagementApplication in 8.822 seconds (process running for 9.491)
2026-07-22 00:54:30 INFO  o.a.c.c.C.[Tomcat].[localhost].[/] - Initializing Spring DispatcherServlet 'dispatcherServlet'
2026-07-22 00:54:30 INFO  o.s.web.servlet.DispatcherServlet - Initializing Servlet 'dispatcherServlet'
2026-07-22 00:54:30 INFO  o.s.web.servlet.DispatcherServlet - Completed initialization in 5 ms
2026-07-22 00:54:30 INFO  c.k.s.service.StudentService - Saving student with email: subhash@gmail.com
2026-07-22 00:54:31 INFO  c.k.s.service.StudentService - Student saved successfully with id: 8
2026-07-22 00:56:37 INFO  c.k.s.service.StudentService - Fetching student with id: 5
2026-07-22 00:56:53 INFO  c.k.s.service.StudentService - Fetching student with id: 4
2026-07-22 00:56:53 INFO  c.k.s.service.StudentService - Student found with id: 4
2026-07-22 01:12:46 INFO  o.s.boot.tomcat.GracefulShutdown - Commencing graceful shutdown. Waiting for active requests to complete
2026-07-22 01:12:46 INFO  o.s.boot.tomcat.GracefulShutdown - Graceful shutdown complete
2026-07-22 01:12:46 INFO  o.s.o.j.LocalContainerEntityManagerFactoryBean - Closing JPA EntityManagerFactory for persistence unit 'default'
2026-07-22 01:12:46 INFO  com.zaxxer.hikari.HikariDataSource - HikariPool-1 - Shutdown initiated...
2026-07-22 01:12:46 INFO  com.zaxxer.hikari.HikariDataSource - HikariPool-1 - Shutdown completed.
2026-07-22 01:12:52 INFO  c.k.s.StudentManagementApplication - Starting StudentManagementApplication using Java 21.0.2 with PID 11180 (C:\Users\amitb\OneDrive\Desktop\SPRING BOOT\JavaBackend\Projects\student-management\target\classes started by amitb in C:\Users\amitb\OneDrive\Desktop\SPRING BOOT\JavaBackend\Projects\student-management)
2026-07-22 01:12:52 INFO  c.k.s.StudentManagementApplication - No active profile set, falling back to 1 default profile: "default"
2026-07-22 01:12:53 INFO  o.s.d.r.c.RepositoryConfigurationDelegate - Bootstrapping Spring Data JPA repositories in DEFAULT mode.
2026-07-22 01:12:54 INFO  o.s.d.r.c.RepositoryConfigurationDelegate - Finished Spring Data repository scanning in 71 ms. Found 1 JPA repository interface.
2026-07-22 01:12:54 INFO  o.s.boot.tomcat.TomcatWebServer - Tomcat initialized with port 8080 (http)
2026-07-22 01:12:54 INFO  o.a.catalina.core.StandardService - Starting service [Tomcat]
2026-07-22 01:12:54 INFO  o.a.catalina.core.StandardEngine - Starting Servlet engine: [Apache Tomcat/11.0.22]
2026-07-22 01:12:54 INFO  o.s.b.w.c.s.WebApplicationContextInitializer - Root WebApplicationContext: initialization completed in 2125 ms
2026-07-22 01:12:55 WARN  o.s.b.w.s.s.c.AnnotationConfigServletWebServerApplicationContext - Exception encountered during context initialization - cancelling refresh attempt: org.springframework.beans.factory.UnsatisfiedDependencyException: Error creating bean with name 'org.springframework.boot.hibernate.autoconfigure.HibernateJpaConfiguration': Unsatisfied dependency expressed through constructor parameter 1: Error creating bean with name 'spring.jpa-org.springframework.boot.jpa.autoconfigure.JpaProperties': Could not bind properties to 'JpaProperties' : prefix=spring.jpa, ignoreInvalidFields=false, ignoreUnknownFields=true
2026-07-22 01:12:55 INFO  o.a.catalina.core.StandardService - Stopping service [Tomcat]
2026-07-22 01:12:55 INFO  o.s.b.a.l.ConditionEvaluationReportLogger - 

Error starting ApplicationContext. To display the condition evaluation report re-run your application with 'debug' enabled.
2026-07-22 01:12:55 ERROR o.s.b.d.LoggingFailureAnalysisReporter - 

***************************
APPLICATION FAILED TO START
***************************

Description:

Failed to bind properties under 'spring.jpa.show-sql' to boolean:

    Property: spring.jpa.show-sql
    Value: "true# =========================="
    Origin: class path resource [application.properties] - 8:21
    Reason: failed to convert java.lang.String to boolean (caused by java.lang.IllegalArgumentException: Invalid boolean value 'true# ==========================')

Action:

Update your application's configuration

